<?xml version="1.0" encoding="UTF-8"?>
<testng-results ignored="0" total="1" passed="1" failed="0" skipped="0">
  <reporter-output>
  </reporter-output>
  <suite started-at="2022-11-08T12:23:19 IST" name="Default suite" finished-at="2022-11-08T12:23:27 IST" duration-ms="7314">
    <groups>
    </groups>
    <test started-at="2022-11-08T12:23:19 IST" name="Default test" finished-at="2022-11-08T12:23:27 IST" duration-ms="7314">
      <class name="example.NewTest">
        <test-method signature="testEasy()[pri:0, instance:example.NewTest@175c2241]" started-at="2022-11-08T12:23:19 IST" name="testEasy" finished-at="2022-11-08T12:23:26 IST" duration-ms="7119" status="PASS">
          <reporter-output>
          </reporter-output>
        </test-method> <!-- testEasy -->
        <test-method is-config="true" signature="afterTest()[pri:0, instance:example.NewTest@175c2241]" started-at="2022-11-08T12:23:26 IST" name="afterTest" finished-at="2022-11-08T12:23:27 IST" duration-ms="159" status="PASS">
          <reporter-output>
          </reporter-output>
        </test-method> <!-- afterTest -->
      </class> <!-- example.NewTest -->
    </test> <!-- Default test -->
  </suite> <!-- Default suite -->
</testng-results>
